<?xml version="1.0" encoding="UTF-8"?>
<testsuite name="Testing" tests="3" skipped="0" failures="0" errors="0" timestamp="2025-02-26T22:31:46" hostname="HAMTER_LAPTOP" time="0.044">
  <properties/>
  <testcase name="echoCorrect" classname="Testing" time="0.02"/>
  <testcase name="typeWrong" classname="Testing" time="0.018"/>
  <testcase name="echoErrors" classname="Testing" time="0.005"/>
  <system-out><![CDATA[Echo request: {"data":"whooooo","type":"echo"}
Echo request: {"data1":"whooooo","type":"echo"}
Echo request: {"data":33,"type":"echo"}
Echo request: {"data":true,"type":"echo"}
]]></system-out>
  <system-err><![CDATA[]]></system-err>
</testsuite>
